0 info it worked if it ends with ok
1 verbose cli [ '/Users/zack/.nvm/versions/node/v7.1.0/bin/node',
1 verbose cli   '/Users/zack/.nvm/versions/node/v7.1.0/bin/npm',
1 verbose cli   'run',
1 verbose cli   'build' ]
2 info using npm@3.10.9
3 info using node@v7.1.0
4 verbose run-script [ 'prebuild', 'build', 'postbuild' ]
5 info lifecycle ts@1.0.0~prebuild: ts@1.0.0
6 silly lifecycle ts@1.0.0~prebuild: no script for prebuild, continuing
7 info lifecycle ts@1.0.0~build: ts@1.0.0
8 verbose lifecycle ts@1.0.0~build: unsafe-perm in lifecycle true
9 verbose lifecycle ts@1.0.0~build: PATH: /Users/zack/.nvm/versions/node/v7.1.0/lib/node_modules/npm/bin/node-gyp-bin:/Users/zack/dev/ts/node_modules/.bin:/Users/zack/.nvm/versions/node/v7.1.0/bin:/usr/local/bin:/usr/bin:/bin:/usr/sbin:/sbin
10 verbose lifecycle ts@1.0.0~build: CWD: /Users/zack/dev/ts
11 silly lifecycle ts@1.0.0~build: Args: [ '-c', 'webpack-dev-server --config config/client.config.js' ]
12 silly lifecycle ts@1.0.0~build: Returned: code: 1  signal: null
13 info lifecycle ts@1.0.0~build: Failed to exec build script
14 verbose stack Error: ts@1.0.0 build: `webpack-dev-server --config config/client.config.js`
14 verbose stack Exit status 1
14 verbose stack     at EventEmitter.<anonymous> (/Users/zack/.nvm/versions/node/v7.1.0/lib/node_modules/npm/lib/utils/lifecycle.js:255:16)
14 verbose stack     at emitTwo (events.js:106:13)
14 verbose stack     at EventEmitter.emit (events.js:191:7)
14 verbose stack     at ChildProcess.<anonymous> (/Users/zack/.nvm/versions/node/v7.1.0/lib/node_modules/npm/lib/utils/spawn.js:40:14)
14 verbose stack     at emitTwo (events.js:106:13)
14 verbose stack     at ChildProcess.emit (events.js:191:7)
14 verbose stack     at maybeClose (internal/child_process.js:885:16)
14 verbose stack     at Process.ChildProcess._handle.onexit (internal/child_process.js:226:5)
15 verbose pkgid ts@1.0.0
16 verbose cwd /Users/zack/dev/ts
17 error Darwin 16.1.0
18 error argv "/Users/zack/.nvm/versions/node/v7.1.0/bin/node" "/Users/zack/.nvm/versions/node/v7.1.0/bin/npm" "run" "build"
19 error node v7.1.0
20 error npm  v3.10.9
21 error code ELIFECYCLE
22 error ts@1.0.0 build: `webpack-dev-server --config config/client.config.js`
22 error Exit status 1
23 error Failed at the ts@1.0.0 build script 'webpack-dev-server --config config/client.config.js'.
23 error Make sure you have the latest version of node.js and npm installed.
23 error If you do, this is most likely a problem with the ts package,
23 error not with npm itself.
23 error Tell the author that this fails on your system:
23 error     webpack-dev-server --config config/client.config.js
23 error You can get information on how to open an issue for this project with:
23 error     npm bugs ts
23 error Or if that isn't available, you can get their info via:
23 error     npm owner ls ts
23 error There is likely additional logging output above.
24 verbose exit [ 1, true ]
